INFO  | 2019-11-24 15:00:54 | [main] tests.OrdersTest (OrdersTest.java:44) - ********* Started TC001_testAllOrders  **********
INFO  | 2019-11-24 15:00:56 | [main] tests.OrdersTest (OrdersTest.java:93) - ********* Started TC003_testPostOrdersCall  **********
INFO  | 2019-11-24 15:00:56 | [main] tests.OrdersTest (OrdersTest.java:64) - ********* Started TC002_testSingleOrder  **********
INFO  | 2019-11-24 15:02:40 | [main] tests.OrdersTest (OrdersTest.java:44) - ********* Started TC001_testAllOrders  **********
INFO  | 2019-11-24 15:02:41 | [main] tests.OrdersTest (OrdersTest.java:93) - ********* Started TC003_testPostOrdersCall  **********
INFO  | 2019-11-24 15:02:41 | [main] tests.OrdersTest (OrdersTest.java:64) - ********* Started TC002_testSingleOrder  **********
INFO  | 2019-11-24 15:03:11 | [main] tests.OrdersTest (OrdersTest.java:44) - ********* Started TC001_testAllOrders  **********
INFO  | 2019-11-24 15:03:12 | [main] tests.OrdersTest (OrdersTest.java:93) - ********* Started TC003_testPostOrdersCall  **********
INFO  | 2019-11-24 15:03:12 | [main] tests.OrdersTest (OrdersTest.java:64) - ********* Started TC002_testSingleOrder  **********
INFO  | 2019-11-24 15:07:24 | [main] tests.OrdersTest (OrdersTest.java:44) - ********* Started TC001_testAllOrders  **********
INFO  | 2019-11-24 15:07:26 | [main] tests.OrdersTest (OrdersTest.java:93) - ********* Started TC003_testPostOrdersCall  **********
INFO  | 2019-11-24 15:07:27 | [main] tests.OrdersTest (OrdersTest.java:64) - ********* Started TC002_testSingleOrder  **********
INFO  | 2019-11-24 15:08:27 | [main] tests.OrdersTest (OrdersTest.java:54) - ********* Started TC001_testAllOrders  **********
INFO  | 2019-11-24 15:08:29 | [main] tests.OrdersTest (OrdersTest.java:103) - ********* Started TC003_testPostOrdersCall  **********
INFO  | 2019-11-24 15:08:29 | [main] tests.OrdersTest (OrdersTest.java:74) - ********* Started TC002_testSingleOrder  **********
INFO  | 2019-11-24 15:09:30 | [main] tests.OrdersTest (OrdersTest.java:54) - ********* Started TC001_testAllOrders  **********
INFO  | 2019-11-24 15:09:31 | [main] tests.OrdersTest (OrdersTest.java:103) - ********* Started TC003_testPostOrdersCall  **********
INFO  | 2019-11-24 15:09:31 | [main] tests.OrdersTest (OrdersTest.java:74) - ********* Started TC002_testSingleOrder  **********
INFO  | 2019-11-24 15:10:20 | [main] tests.OrdersTest (OrdersTest.java:41) - ********* Started TC001_testAllOrders  **********
INFO  | 2019-11-24 15:10:21 | [main] tests.OrdersTest (OrdersTest.java:90) - ********* Started TC003_testPostOrdersCall  **********
INFO  | 2019-11-24 15:10:22 | [main] tests.OrdersTest (OrdersTest.java:61) - ********* Started TC002_testSingleOrder  **********
INFO  | 2019-11-24 15:10:38 | [main] tests.OrdersTest (OrdersTest.java:41) - ********* Started TC001_testAllOrders  **********
INFO  | 2019-11-24 15:10:40 | [main] tests.OrdersTest (OrdersTest.java:90) - ********* Started TC003_testPostOrdersCall  **********
INFO  | 2019-11-24 15:10:41 | [main] tests.OrdersTest (OrdersTest.java:61) - ********* Started TC002_testSingleOrder  **********
INFO  | 2019-11-24 15:11:45 | [main] tests.OrdersTest (OrdersTest.java:41) - ********* Started TC001_testAllOrders  **********
INFO  | 2019-11-24 15:11:46 | [main] tests.OrdersTest (OrdersTest.java:90) - ********* Started TC003_testPostOrdersCall  **********
INFO  | 2019-11-24 15:11:47 | [main] tests.OrdersTest (OrdersTest.java:61) - ********* Started TC002_testSingleOrder  **********
INFO  | 2019-11-24 15:12:25 | [main] tests.OrdersTest (OrdersTest.java:41) - ********* Started TC001_testAllOrders  **********
INFO  | 2019-11-24 15:12:27 | [main] tests.OrdersTest (OrdersTest.java:90) - ********* Started TC003_testPostOrdersCall  **********
INFO  | 2019-11-24 15:12:27 | [main] tests.OrdersTest (OrdersTest.java:61) - ********* Started TC002_testSingleOrder  **********
INFO  | 2019-11-24 15:12:56 | [main] tests.OrdersTest (OrdersTest.java:41) - ********* Started TC001_testAllOrders  **********
INFO  | 2019-11-24 15:12:58 | [main] tests.OrdersTest (OrdersTest.java:90) - ********* Started TC003_testPostOrdersCall  **********
INFO  | 2019-11-24 15:12:58 | [main] tests.OrdersTest (OrdersTest.java:61) - ********* Started TC002_testSingleOrder  **********
INFO  | 2019-11-24 15:13:27 | [main] tests.OrdersTest (OrdersTest.java:41) - ********* Started TC001_testAllOrders  **********
INFO  | 2019-11-24 15:13:28 | [main] tests.OrdersTest (OrdersTest.java:90) - ********* Started TC003_testPostOrdersCall  **********
INFO  | 2019-11-24 15:13:29 | [main] tests.OrdersTest (OrdersTest.java:61) - ********* Started TC002_testSingleOrder  **********
INFO  | 2019-11-24 15:13:51 | [main] tests.OrdersTest (OrdersTest.java:41) - ********* Started TC001_testAllOrders  **********
INFO  | 2019-11-24 15:13:53 | [main] tests.OrdersTest (OrdersTest.java:90) - ********* Started TC003_testPostOrdersCall  **********
INFO  | 2019-11-24 15:13:53 | [main] tests.OrdersTest (OrdersTest.java:61) - ********* Started TC002_testSingleOrder  **********
INFO  | 2019-11-24 15:14:48 | [main] tests.OrdersTest (OrdersTest.java:41) - ********* Started TC001_testAllOrders  **********
INFO  | 2019-11-24 15:14:50 | [main] tests.OrdersTest (OrdersTest.java:61) - ********* Started TC002_testSingleOrder  **********
INFO  | 2019-11-24 15:18:46 | [main] tests.OrdersTest (OrdersTest.java:41) - ********* Started TC001_testAllOrders  **********
INFO  | 2019-11-24 15:18:47 | [main] tests.OrdersTest (OrdersTest.java:90) - ********* Started TC003_testPostOrdersCall  **********
INFO  | 2019-11-24 15:18:48 | [main] tests.OrdersTest (OrdersTest.java:61) - ********* Started TC002_testSingleOrder  **********
INFO  | 2019-11-24 15:25:21 | [main] tests.ToppingsTest (ToppingsTest.java:40) - ********* Started TC001_testAllToppingsGetCall  **********
INFO  | 2019-11-24 15:30:41 | [main] tests.ToppingsTest (ToppingsTest.java:59) - ********* Started TC002_testDeleteToppingCall  **********
INFO  | 2019-11-24 15:32:56 | [main] tests.PizzasTest (PizzasTest.java:40) - ********* Started TC001_testAllToppingsGetCall  **********
INFO  | 2019-11-24 15:32:58 | [main] tests.PizzasTest (PizzasTest.java:57) - ********* Started TC002_testDeleteToppingCall  **********
INFO  | 2019-11-24 15:32:58 | [main] tests.ToppingsTest (ToppingsTest.java:40) - ********* Started TC001_testAllToppingsGetCall  **********
INFO  | 2019-11-24 15:32:58 | [main] tests.ToppingsTest (ToppingsTest.java:57) - ********* Started TC002_testDeleteToppingCall  **********
INFO  | 2019-11-24 15:32:59 | [main] tests.OrdersTest (OrdersTest.java:40) - ********* Started TC001_testAllOrders  **********
INFO  | 2019-11-24 15:32:59 | [main] tests.OrdersTest (OrdersTest.java:87) - ********* Started TC003_testPostOrdersCall  **********
INFO  | 2019-11-24 15:33:00 | [main] tests.OrdersTest (OrdersTest.java:59) - ********* Started TC002_testSingleOrder  **********
INFO  | 2019-11-24 15:33:16 | [main] tests.PizzasTest (PizzasTest.java:40) - ********* Started TC001_testAllToppingsGetCall  **********
INFO  | 2019-11-24 15:33:17 | [main] tests.PizzasTest (PizzasTest.java:57) - ********* Started TC002_testDeleteToppingCall  **********
INFO  | 2019-11-24 15:33:17 | [main] tests.ToppingsTest (ToppingsTest.java:40) - ********* Started TC001_testAllToppingsGetCall  **********
INFO  | 2019-11-24 15:33:18 | [main] tests.ToppingsTest (ToppingsTest.java:57) - ********* Started TC002_testDeleteToppingCall  **********
INFO  | 2019-11-24 15:33:18 | [main] tests.OrdersTest (OrdersTest.java:40) - ********* Started TC001_testAllOrders  **********
INFO  | 2019-11-24 15:33:19 | [main] tests.OrdersTest (OrdersTest.java:87) - ********* Started TC003_testPostOrdersCall  **********
INFO  | 2019-11-24 15:33:19 | [main] tests.OrdersTest (OrdersTest.java:59) - ********* Started TC002_testSingleOrder  **********
INFO  | 2019-11-24 15:40:41 | [main] tests.PizzasTest (PizzasTest.java:40) - ********* Started TC001_testAllToppingsGetCall  **********
INFO  | 2019-11-24 15:41:06 | [main] tests.PizzasTest (PizzasTest.java:40) - ********* Started TC001_testAllToppingsGetCall  **********
INFO  | 2019-11-24 15:46:15 | [main] tests.PizzasTest (PizzasTest.java:38) - ********* Started TestCase_testAllPizzasGetCall  **********
INFO  | 2019-11-24 15:46:16 | [main] tests.ToppingsTest (ToppingsTest.java:35) - ********* Started TestCase_testAllToppingsGetCall  **********
INFO  | 2019-11-24 15:46:17 | [main] tests.ToppingsTest (ToppingsTest.java:52) - ********* Started TestCase_testDeleteToppingCall  **********
INFO  | 2019-11-24 15:46:17 | [main] tests.OrdersTest (OrdersTest.java:43) - ********* Started TestCase_testAllOrders  **********
INFO  | 2019-11-24 15:46:17 | [main] tests.OrdersTest (OrdersTest.java:90) - ********* Started TestCase_testPostOrdersCall  **********
INFO  | 2019-11-24 15:46:18 | [main] tests.OrdersTest (OrdersTest.java:62) - ********* Started TestCase_testSingleOrder  **********
INFO  | 2019-11-24 15:46:49 | [main] tests.PizzasTest (PizzasTest.java:38) - ********* Started TestCase_testAllPizzasGetCall  **********
INFO  | 2019-11-24 15:46:50 | [main] tests.ToppingsTest (ToppingsTest.java:35) - ********* Started TestCase_testAllToppingsGetCall  **********
INFO  | 2019-11-24 15:46:51 | [main] tests.ToppingsTest (ToppingsTest.java:52) - ********* Started TestCase_testDeleteToppingCall  **********
INFO  | 2019-11-24 15:46:51 | [main] tests.OrdersTest (OrdersTest.java:43) - ********* Started TestCase_testAllOrders  **********
INFO  | 2019-11-24 15:46:51 | [main] tests.OrdersTest (OrdersTest.java:90) - ********* Started TestCase_testPostOrdersCall  **********
INFO  | 2019-11-24 15:46:52 | [main] tests.OrdersTest (OrdersTest.java:62) - ********* Started TestCase_testSingleOrder  **********
INFO  | 2019-11-24 15:47:05 | [main] tests.PizzasTest (PizzasTest.java:38) - ********* Started TestCase_testAllPizzasGetCall  **********
INFO  | 2019-11-24 15:47:07 | [main] tests.ToppingsTest (ToppingsTest.java:35) - ********* Started TestCase_testAllToppingsGetCall  **********
INFO  | 2019-11-24 15:47:07 | [main] tests.ToppingsTest (ToppingsTest.java:52) - ********* Started TestCase_testDeleteToppingCall  **********
INFO  | 2019-11-24 15:47:07 | [main] tests.OrdersTest (OrdersTest.java:43) - ********* Started TestCase_testAllOrders  **********
INFO  | 2019-11-24 15:47:08 | [main] tests.OrdersTest (OrdersTest.java:90) - ********* Started TestCase_testPostOrdersCall  **********
INFO  | 2019-11-24 15:47:08 | [main] tests.OrdersTest (OrdersTest.java:62) - ********* Started TestCase_testSingleOrder  **********
INFO  | 2019-11-24 15:48:54 | [main] tests.PizzasTest (PizzasTest.java:38) - ********* Started TestCase_testAllPizzasGetCall  **********
INFO  | 2019-11-24 15:49:31 | [main] tests.PizzasTest (PizzasTest.java:38) - ********* Started TestCase_testAllPizzasGetCall  **********
INFO  | 2019-11-24 15:51:51 | [main] tests.PizzasTest (PizzasTest.java:40) - ********* Started TestCase_testAllPizzasGetCall  **********
INFO  | 2019-11-24 15:52:33 | [main] tests.PizzasTest (PizzasTest.java:40) - ********* Started TestCase_testAllPizzasGetCall  **********
INFO  | 2019-11-24 15:52:58 | [main] tests.PizzasTest (PizzasTest.java:40) - ********* Started TestCase_testAllPizzasGetCall  **********
INFO  | 2019-11-24 15:53:56 | [main] tests.PizzasTest (PizzasTest.java:40) - ********* Started TestCase_testAllPizzasGetCall  **********
INFO  | 2019-11-24 15:55:37 | [main] tests.PizzasTest (PizzasTest.java:39) - ********* Started TestCase_testAllPizzasGetCall  **********
INFO  | 2019-11-24 15:58:39 | [main] tests.PizzasTest (PizzasTest.java:39) - ********* Started TestCase_testAllPizzasGetCall  **********
INFO  | 2019-11-24 15:59:00 | [main] tests.PizzasTest (PizzasTest.java:39) - ********* Started TestCase_testAllPizzasGetCall  **********
INFO  | 2019-11-24 16:02:31 | [main] tests.PizzasTest (PizzasTest.java:39) - ********* Started TestCase_testAllPizzasGetCall  **********
INFO  | 2019-11-24 16:11:40 | [main] tests.PizzasTest (PizzasTest.java:47) - ********* Started TestCase_testAllPizzasGetCall  **********
INFO  | 2019-11-24 16:12:12 | [main] tests.PizzasTest (PizzasTest.java:47) - ********* Started TestCase_testAllPizzasGetCall  **********
